mode: set
github.com/hoitek-go/go-migrator/seederDownAll.go:3.20,5.35 2 1
github.com/hoitek-go/go-migrator/seederDownAll.go:5.35,8.27 3 1
github.com/hoitek-go/go-migrator/seederDownAll.go:8.27,11.4 2 1
github.com/hoitek-go/go-migrator/seederUp.go:3.15,5.35 2 1
github.com/hoitek-go/go-migrator/seederUp.go:5.35,8.27 3 1
github.com/hoitek-go/go-migrator/seederUp.go:8.27,14.4 2 1
github.com/hoitek-go/go-migrator/global.go:12.25,20.2 3 1
github.com/hoitek-go/go-migrator/global.go:22.27,25.2 2 1
github.com/hoitek-go/go-migrator/global.go:31.21,34.2 2 1
github.com/hoitek-go/go-migrator/global.go:36.23,39.2 2 1
github.com/hoitek-go/go-migrator/migrator.go:24.33,26.2 1 1
github.com/hoitek-go/go-migrator/migrator.go:28.53,30.2 1 1
github.com/hoitek-go/go-migrator/migrator.go:32.50,35.44 3 1
github.com/hoitek-go/go-migrator/migrator.go:38.2,38.11 1 1
github.com/hoitek-go/go-migrator/migrator.go:35.44,37.3 1 1
github.com/hoitek-go/go-migrator/migrator.go:41.46,43.2 1 1
github.com/hoitek-go/go-migrator/migrator.go:45.35,46.19 1 1
github.com/hoitek-go/go-migrator/migrator.go:49.2,52.19 4 1
github.com/hoitek-go/go-migrator/migrator.go:55.2,55.17 1 1
github.com/hoitek-go/go-migrator/migrator.go:61.2,61.12 1 1
github.com/hoitek-go/go-migrator/migrator.go:46.19,48.3 1 1
github.com/hoitek-go/go-migrator/migrator.go:52.19,54.3 1 1
github.com/hoitek-go/go-migrator/migrator.go:56.17,57.42 1 1
github.com/hoitek-go/go-migrator/migrator.go:58.14,59.39 1 1
github.com/hoitek-go/go-migrator/migrator.go:64.52,65.18 1 1
github.com/hoitek-go/go-migrator/migrator.go:68.2,68.20 1 1
github.com/hoitek-go/go-migrator/migrator.go:79.2,79.12 1 1
github.com/hoitek-go/go-migrator/migrator.go:65.18,67.3 1 1
github.com/hoitek-go/go-migrator/migrator.go:68.20,69.17 1 1
github.com/hoitek-go/go-migrator/migrator.go:69.17,71.4 1 1
github.com/hoitek-go/go-migrator/migrator.go:71.9,73.18 2 1
github.com/hoitek-go/go-migrator/migrator.go:76.4,76.22 1 1
github.com/hoitek-go/go-migrator/migrator.go:73.18,75.5 1 1
github.com/hoitek-go/go-migrator/migrator.go:82.34,85.39 3 1
github.com/hoitek-go/go-migrator/migrator.go:88.2,88.19 1 1
github.com/hoitek-go/go-migrator/migrator.go:85.39,87.3 1 1
github.com/hoitek-go/go-migrator/migrator.go:91.51,95.2 3 1
github.com/hoitek-go/go-migrator/migrator.go:97.28,101.2 3 1
github.com/hoitek-go/go-migrator/migrator.go:103.33,105.30 2 1
github.com/hoitek-go/go-migrator/migrator.go:108.2,109.11 2 1
github.com/hoitek-go/go-migrator/migrator.go:105.30,107.3 1 1
github.com/hoitek-go/go-migrator/migratorDownAll.go:3.23,5.40 2 1
github.com/hoitek-go/go-migrator/migratorDownAll.go:5.40,8.27 3 1
github.com/hoitek-go/go-migrator/migratorDownAll.go:8.27,11.4 2 1
github.com/hoitek-go/go-migrator/seederDown.go:7.33,9.27 2 1
github.com/hoitek-go/go-migrator/seederDown.go:12.2,15.28 4 1
github.com/hoitek-go/go-migrator/seederDown.go:19.2,19.18 1 1
github.com/hoitek-go/go-migrator/seederDown.go:29.2,29.12 1 1
github.com/hoitek-go/go-migrator/seederDown.go:9.27,11.3 1 1
github.com/hoitek-go/go-migrator/seederDown.go:15.28,18.3 2 1
github.com/hoitek-go/go-migrator/seederDown.go:19.18,21.36 2 1
github.com/hoitek-go/go-migrator/seederDown.go:21.36,24.10 3 1
github.com/hoitek-go/go-migrator/seederDown.go:24.10,26.5 1 1
github.com/hoitek-go/go-migrator/migratorDown.go:7.36,9.32 2 1
github.com/hoitek-go/go-migrator/migratorDown.go:12.2,15.33 4 1
github.com/hoitek-go/go-migrator/migratorDown.go:19.2,19.18 1 1
github.com/hoitek-go/go-migrator/migratorDown.go:29.2,29.12 1 1
github.com/hoitek-go/go-migrator/migratorDown.go:9.32,11.3 1 1
github.com/hoitek-go/go-migrator/migratorDown.go:15.33,18.3 2 1
github.com/hoitek-go/go-migrator/migratorDown.go:19.18,21.41 2 1
github.com/hoitek-go/go-migrator/migratorDown.go:21.41,24.10 3 1
github.com/hoitek-go/go-migrator/migratorDown.go:24.10,26.5 1 1
github.com/hoitek-go/go-migrator/migratorUp.go:3.18,5.40 2 1
github.com/hoitek-go/go-migrator/migratorUp.go:5.40,8.27 3 1
github.com/hoitek-go/go-migrator/migratorUp.go:8.27,14.4 2 1
github.com/hoitek-go/go-migrator/seeder.go:13.45,15.2 1 1
github.com/hoitek-go/go-migrator/seeder.go:17.45,20.44 3 1
github.com/hoitek-go/go-migrator/seeder.go:23.2,23.11 1 1
github.com/hoitek-go/go-migrator/seeder.go:20.44,22.3 1 1
github.com/hoitek-go/go-migrator/seeder.go:26.38,28.2 1 1
github.com/hoitek-go/go-migrator/seeder.go:30.29,33.39 3 1
github.com/hoitek-go/go-migrator/seeder.go:36.2,36.14 1 1
github.com/hoitek-go/go-migrator/seeder.go:33.39,35.3 1 1
github.com/hoitek-go/go-migrator/seeder.go:39.46,43.2 3 1
github.com/hoitek-go/go-migrator/seeder.go:45.23,49.2 3 1
github.com/hoitek-go/go-migrator/seeder.go:51.49,52.18 1 1
github.com/hoitek-go/go-migrator/seeder.go:55.2,55.20 1 1
github.com/hoitek-go/go-migrator/seeder.go:66.2,66.12 1 1
github.com/hoitek-go/go-migrator/seeder.go:52.18,54.3 1 1
github.com/hoitek-go/go-migrator/seeder.go:55.20,56.17 1 1
github.com/hoitek-go/go-migrator/seeder.go:56.17,58.4 1 1
github.com/hoitek-go/go-migrator/seeder.go:58.9,60.18 2 1
github.com/hoitek-go/go-migrator/seeder.go:63.4,63.19 1 1
github.com/hoitek-go/go-migrator/seeder.go:60.18,62.5 1 1
