mode: set
github.com/hoitek-go/gorm-migrator/seederDown.go:7.33,9.27 2 1
github.com/hoitek-go/gorm-migrator/seederDown.go:12.2,15.28 4 1
github.com/hoitek-go/gorm-migrator/seederDown.go:19.2,19.18 1 1
github.com/hoitek-go/gorm-migrator/seederDown.go:29.2,29.12 1 1
github.com/hoitek-go/gorm-migrator/seederDown.go:9.27,11.3 1 1
github.com/hoitek-go/gorm-migrator/seederDown.go:15.28,18.3 2 1
github.com/hoitek-go/gorm-migrator/seederDown.go:19.18,21.36 2 1
github.com/hoitek-go/gorm-migrator/seederDown.go:21.36,24.10 3 1
github.com/hoitek-go/gorm-migrator/seederDown.go:24.10,26.5 1 1
github.com/hoitek-go/gorm-migrator/seederUp.go:3.30,5.35 2 1
github.com/hoitek-go/gorm-migrator/seederUp.go:5.35,7.23 2 1
github.com/hoitek-go/gorm-migrator/seederUp.go:7.23,9.28 2 1
github.com/hoitek-go/gorm-migrator/seederUp.go:16.4,16.9 1 1
github.com/hoitek-go/gorm-migrator/seederUp.go:9.28,15.5 2 1
github.com/hoitek-go/gorm-migrator/migratorDown.go:7.36,9.32 2 1
github.com/hoitek-go/gorm-migrator/migratorDown.go:12.2,15.33 4 1
github.com/hoitek-go/gorm-migrator/migratorDown.go:19.2,19.18 1 1
github.com/hoitek-go/gorm-migrator/migratorDown.go:29.2,29.12 1 1
github.com/hoitek-go/gorm-migrator/migratorDown.go:9.32,11.3 1 1
github.com/hoitek-go/gorm-migrator/migratorDown.go:15.33,18.3 2 1
github.com/hoitek-go/gorm-migrator/migratorDown.go:19.18,21.41 2 1
github.com/hoitek-go/gorm-migrator/migratorDown.go:21.41,24.10 3 1
github.com/hoitek-go/gorm-migrator/migratorDown.go:24.10,26.5 1 1
github.com/hoitek-go/gorm-migrator/migratorDownAll.go:3.23,5.40 2 1
github.com/hoitek-go/gorm-migrator/migratorDownAll.go:5.40,8.27 3 1
github.com/hoitek-go/gorm-migrator/migratorDownAll.go:8.27,11.4 2 1
github.com/hoitek-go/gorm-migrator/migratorUp.go:3.38,5.40 2 1
github.com/hoitek-go/gorm-migrator/migratorUp.go:5.40,7.28 2 1
github.com/hoitek-go/gorm-migrator/migratorUp.go:7.28,9.28 2 1
github.com/hoitek-go/gorm-migrator/migratorUp.go:16.4,16.9 1 1
github.com/hoitek-go/gorm-migrator/migratorUp.go:9.28,15.5 2 1
github.com/hoitek-go/gorm-migrator/migratorUpAll.go:3.21,5.40 2 1
github.com/hoitek-go/gorm-migrator/migratorUpAll.go:5.40,8.27 3 1
github.com/hoitek-go/gorm-migrator/migratorUpAll.go:8.27,14.4 2 1
github.com/hoitek-go/gorm-migrator/seeder.go:13.45,15.2 1 1
github.com/hoitek-go/gorm-migrator/seeder.go:17.45,20.44 3 1
github.com/hoitek-go/gorm-migrator/seeder.go:23.2,23.11 1 1
github.com/hoitek-go/gorm-migrator/seeder.go:20.44,22.3 1 1
github.com/hoitek-go/gorm-migrator/seeder.go:26.38,28.2 1 1
github.com/hoitek-go/gorm-migrator/seeder.go:30.29,33.39 3 1
github.com/hoitek-go/gorm-migrator/seeder.go:36.2,36.14 1 1
github.com/hoitek-go/gorm-migrator/seeder.go:33.39,35.3 1 1
github.com/hoitek-go/gorm-migrator/seeder.go:39.46,43.2 3 1
github.com/hoitek-go/gorm-migrator/seeder.go:45.23,49.2 3 1
github.com/hoitek-go/gorm-migrator/seeder.go:51.49,52.18 1 1
github.com/hoitek-go/gorm-migrator/seeder.go:59.2,59.20 1 1
github.com/hoitek-go/gorm-migrator/seeder.go:70.2,70.12 1 1
github.com/hoitek-go/gorm-migrator/seeder.go:52.18,53.17 1 1
github.com/hoitek-go/gorm-migrator/seeder.go:53.17,55.4 1 1
github.com/hoitek-go/gorm-migrator/seeder.go:55.9,57.4 1 1
github.com/hoitek-go/gorm-migrator/seeder.go:59.20,60.17 1 1
github.com/hoitek-go/gorm-migrator/seeder.go:60.17,62.4 1 1
github.com/hoitek-go/gorm-migrator/seeder.go:62.9,64.18 2 1
github.com/hoitek-go/gorm-migrator/seeder.go:67.4,67.19 1 1
github.com/hoitek-go/gorm-migrator/seeder.go:64.18,66.5 1 1
github.com/hoitek-go/gorm-migrator/global.go:12.24,20.2 3 1
github.com/hoitek-go/gorm-migrator/global.go:22.26,25.2 2 1
github.com/hoitek-go/gorm-migrator/global.go:31.20,34.2 2 1
github.com/hoitek-go/gorm-migrator/global.go:36.22,39.2 2 1
github.com/hoitek-go/gorm-migrator/migrator.go:24.33,26.2 1 1
github.com/hoitek-go/gorm-migrator/migrator.go:28.53,30.2 1 1
github.com/hoitek-go/gorm-migrator/migrator.go:32.50,35.44 3 1
github.com/hoitek-go/gorm-migrator/migrator.go:38.2,38.11 1 1
github.com/hoitek-go/gorm-migrator/migrator.go:35.44,37.3 1 1
github.com/hoitek-go/gorm-migrator/migrator.go:41.46,43.2 1 1
github.com/hoitek-go/gorm-migrator/migrator.go:45.35,46.19 1 1
github.com/hoitek-go/gorm-migrator/migrator.go:49.2,52.19 4 1
github.com/hoitek-go/gorm-migrator/migrator.go:55.2,55.17 1 1
github.com/hoitek-go/gorm-migrator/migrator.go:61.2,61.12 1 1
github.com/hoitek-go/gorm-migrator/migrator.go:46.19,48.3 1 1
github.com/hoitek-go/gorm-migrator/migrator.go:52.19,54.3 1 1
github.com/hoitek-go/gorm-migrator/migrator.go:56.17,57.42 1 1
github.com/hoitek-go/gorm-migrator/migrator.go:58.14,59.39 1 1
github.com/hoitek-go/gorm-migrator/migrator.go:64.52,65.18 1 1
github.com/hoitek-go/gorm-migrator/migrator.go:72.2,72.20 1 1
github.com/hoitek-go/gorm-migrator/migrator.go:83.2,83.12 1 1
github.com/hoitek-go/gorm-migrator/migrator.go:65.18,66.17 1 1
github.com/hoitek-go/gorm-migrator/migrator.go:66.17,68.4 1 1
github.com/hoitek-go/gorm-migrator/migrator.go:68.9,70.4 1 1
github.com/hoitek-go/gorm-migrator/migrator.go:72.20,73.17 1 1
github.com/hoitek-go/gorm-migrator/migrator.go:73.17,75.4 1 1
github.com/hoitek-go/gorm-migrator/migrator.go:75.9,77.18 2 1
github.com/hoitek-go/gorm-migrator/migrator.go:80.4,80.22 1 1
github.com/hoitek-go/gorm-migrator/migrator.go:77.18,79.5 1 1
github.com/hoitek-go/gorm-migrator/migrator.go:86.34,89.39 3 1
github.com/hoitek-go/gorm-migrator/migrator.go:92.2,92.19 1 1
github.com/hoitek-go/gorm-migrator/migrator.go:89.39,91.3 1 1
github.com/hoitek-go/gorm-migrator/migrator.go:95.51,99.2 3 1
github.com/hoitek-go/gorm-migrator/migrator.go:101.28,105.2 3 1
github.com/hoitek-go/gorm-migrator/migrator.go:107.33,109.30 2 1
github.com/hoitek-go/gorm-migrator/migrator.go:112.2,113.11 2 1
github.com/hoitek-go/gorm-migrator/migrator.go:109.30,111.3 1 1
github.com/hoitek-go/gorm-migrator/seederDownAll.go:3.20,5.35 2 1
github.com/hoitek-go/gorm-migrator/seederDownAll.go:5.35,8.27 3 1
github.com/hoitek-go/gorm-migrator/seederDownAll.go:8.27,11.4 2 1
github.com/hoitek-go/gorm-migrator/seederUpAll.go:3.18,5.35 2 1
github.com/hoitek-go/gorm-migrator/seederUpAll.go:5.35,8.27 3 1
github.com/hoitek-go/gorm-migrator/seederUpAll.go:8.27,14.4 2 1
